<?xml version="1.0" encoding="UTF-8"?>
<testsuites name="Mocha Tests" time="9.564999999999987" tests="2717" failures="0">
  <testsuite name="Root Suite" timestamp="2017-02-22T23:10:11" tests="0" failures="0" time="0">
  </testsuite>
  <testsuite name="CharCode" timestamp="2017-02-22T23:10:11" tests="1" file="C:\Users\adbist\Desktop\SQL_Tools\carbon\test\all.js" failures="0" time="0">
    <testcase name="CharCode has good values" time="0" classname="has good values">
    </testcase>
  </testsuite>
  <testsuite name="RangeMap" timestamp="2017-02-22T23:10:11" tests="14" file="C:\Users\adbist\Desktop\SQL_Tools\carbon\test\all.js" failures="0" time="0.004">
    <testcase name="RangeMap intersection" time="0.001" classname="intersection">
    </testcase>
    <testcase name="RangeMap multiIntersect" time="0.001" classname="multiIntersect">
    </testcase>
    <testcase name="RangeMap consolidate" time="0" classname="consolidate">
    </testcase>
    <testcase name="RangeMap empty" time="0" classname="empty">
    </testcase>
    <testcase name="RangeMap length &amp; count" time="0.001" classname="length &amp; count">
    </testcase>
    <testcase name="RangeMap length &amp; count #2" time="0" classname="length &amp; count #2">
    </testcase>
    <testcase name="RangeMap length &amp; count #3" time="0" classname="length &amp; count #3">
    </testcase>
    <testcase name="RangeMap length &amp; count #4" time="0" classname="length &amp; count #4">
    </testcase>
    <testcase name="RangeMap insert" time="0" classname="insert">
    </testcase>
    <testcase name="RangeMap delete" time="0" classname="delete">
    </testcase>
    <testcase name="RangeMap insert &amp; delete" time="0" classname="insert &amp; delete">
    </testcase>
    <testcase name="RangeMap insert &amp; delete #2" time="0" classname="insert &amp; delete #2">
    </testcase>
    <testcase name="RangeMap insert &amp; delete #3" time="0" classname="insert &amp; delete #3">
    </testcase>
    <testcase name="RangeMap insert &amp; delete #3" time="0.001" classname="insert &amp; delete #3">
    </testcase>
  </testsuite>
  <testsuite name="indexAt, positionAt" timestamp="2017-02-22T23:10:11" tests="6" file="C:\Users\adbist\Desktop\SQL_Tools\carbon\test\all.js" failures="0" time="0">
    <testcase name="RangeMap indexAt, positionAt empty" time="0" classname="empty">
    </testcase>
    <testcase name="RangeMap indexAt, positionAt simple" time="0" classname="simple">
    </testcase>
    <testcase name="RangeMap indexAt, positionAt simple #2" time="0" classname="simple #2">
    </testcase>
    <testcase name="RangeMap indexAt, positionAt insert" time="0" classname="insert">
    </testcase>
    <testcase name="RangeMap indexAt, positionAt delete" time="0" classname="delete">
    </testcase>
    <testcase name="RangeMap indexAt, positionAt delete #2" time="0" classname="delete #2">
    </testcase>
  </testsuite>
  <testsuite name="Browsers" timestamp="2017-02-22T23:10:11" tests="1" file="C:\Users\adbist\Desktop\SQL_Tools\carbon\test\all.js" failures="0" time="0">
    <testcase name="Browsers all" time="0" classname="all">
    </testcase>
  </testsuite>
  <testsuite name="Network" timestamp="2017-02-22T23:10:11" tests="1" file="C:\Users\adbist\Desktop\SQL_Tools\carbon\test\all.js" failures="0" time="0.001">
    <testcase name="Network urls" time="0.001" classname="urls">
    </testcase>
  </testsuite>
  <testsuite name="Lifecycle" timestamp="2017-02-22T23:10:11" tests="3" file="C:\Users\adbist\Desktop\SQL_Tools\carbon\test\all.js" failures="0" time="0">
    <testcase name="Lifecycle dispose single disposable" time="0" classname="dispose single disposable">
    </testcase>
    <testcase name="Lifecycle dispose disposable array" time="0" classname="dispose disposable array">
    </testcase>
    <testcase name="Lifecycle dispose disposables" time="0" classname="dispose disposables">
    </testcase>
  </testsuite>
  <testsuite name="Reference Collection" timestamp="2017-02-22T23:10:11" tests="1" file="C:\Users\adbist\Desktop\SQL_Tools\carbon\test\all.js" failures="0" time="0">
    <testcase name="Reference Collection simple" time="0" classname="simple">
    </testcase>
  </testsuite>
  <testsuite name="Types" timestamp="2017-02-22T23:10:11" tests="11" file="C:\Users\adbist\Desktop\SQL_Tools\carbon\test\all.js" failures="0" time="0.002">
    <testcase name="Types isFunction" time="0" classname="isFunction">
    </testcase>
    <testcase name="Types areFunctions" time="0.001" classname="areFunctions">
    </testcase>
    <testcase name="Types isObject" time="0" classname="isObject">
    </testcase>
    <testcase name="Types isEmptyObject" time="0" classname="isEmptyObject">
    </testcase>
    <testcase name="Types isArray" time="0" classname="isArray">
    </testcase>
    <testcase name="Types isString" time="0" classname="isString">
    </testcase>
    <testcase name="Types isNumber" time="0" classname="isNumber">
    </testcase>
    <testcase name="Types isUndefined" time="0" classname="isUndefined">
    </testcase>
    <testcase name="Types isUndefinedOrNull" time="0" classname="isUndefinedOrNull">
    </testcase>
    <testcase name="Types validateConstraints" time="0.001" classname="validateConstraints">
    </testcase>
    <testcase name="Types create" time="0" classname="create">
    </testcase>
  </testsuite>
  <testsuite name="EventEmitter" timestamp="2017-02-22T23:10:11" tests="17" file="C:\Users\adbist\Desktop\SQL_Tools\carbon\test\all.js" failures="0" time="0.001">
    <testcase name="EventEmitter add listener, emit other event type" time="0" classname="add listener, emit other event type">
    </testcase>
    <testcase name="EventEmitter add listener, emit event" time="0" classname="add listener, emit event">
    </testcase>
    <testcase name="EventEmitter add 2 listeners, emit event" time="0" classname="add 2 listeners, emit event">
    </testcase>
    <testcase name="EventEmitter add 1 listener, remove it, emit event" time="0" classname="add 1 listener, remove it, emit event">
    </testcase>
    <testcase name="EventEmitter add 2 listeners, emit event, remove one while processing" time="0" classname="add 2 listeners, emit event, remove one while processing">
    </testcase>
    <testcase name="EventEmitter event object is assert" time="0" classname="event object is assert">
    </testcase>
    <testcase name="EventEmitter deferred emit" time="0" classname="deferred emit">
    </testcase>
    <testcase name="EventEmitter deferred emit maintains events order" time="0" classname="deferred emit maintains events order">
    </testcase>
    <testcase name="EventEmitter deferred emit maintains events order for bulk listeners" time="0" classname="deferred emit maintains events order for bulk listeners">
    </testcase>
    <testcase name="EventEmitter emit notifies bulk listeners" time="0" classname="emit notifies bulk listeners">
    </testcase>
    <testcase name="EventEmitter one event emitter, one listener" time="0" classname="one event emitter, one listener">
    </testcase>
    <testcase name="EventEmitter two event emitters, two listeners, deferred emit" time="0" classname="two event emitters, two listeners, deferred emit">
    </testcase>
    <testcase name="EventEmitter cascading emitters" time="0" classname="cascading emitters">
    </testcase>
    <testcase name="EventEmitter EventEmitter makes no order guarantees 1" time="0" classname="EventEmitter makes no order guarantees 1">
    </testcase>
    <testcase name="EventEmitter EventEmitter makes no order guarantees 2" time="0" classname="EventEmitter makes no order guarantees 2">
    </testcase>
    <testcase name="EventEmitter OrderGuaranteeEventEmitter makes order guarantees 1" time="0.001" classname="OrderGuaranteeEventEmitter makes order guarantees 1">
    </testcase>
    <testcase name="EventEmitter OrderGuaranteeEventEmitter makes order guarantees 2" time="0" classname="OrderGuaranteeEventEmitter makes order guarantees 2">
    </testcase>
  </testsuite>
  <testsuite name="TreeView - HeightMap" timestamp="2017-02-22T23:10:11" tests="11" file="C:\Users\adbist\Desktop\SQL_Tools\carbon\test\all.js" failures="0" time="0">
    <testcase name="TreeView - HeightMap simple" time="0" classname="simple">
    </testcase>
    <testcase name="TreeView - HeightMap onInsertItems at beginning" time="0" classname="onInsertItems at beginning">
    </testcase>
    <testcase name="TreeView - HeightMap onInsertItems in middle" time="0" classname="onInsertItems in middle">
    </testcase>
    <testcase name="TreeView - HeightMap onInsertItems at end" time="0" classname="onInsertItems at end">
    </testcase>
    <testcase name="TreeView - HeightMap onRemoveItems at beginning" time="0" classname="onRemoveItems at beginning">
    </testcase>
    <testcase name="TreeView - HeightMap onRemoveItems in middle" time="0" classname="onRemoveItems in middle">
    </testcase>
    <testcase name="TreeView - HeightMap onRemoveItems at end" time="0" classname="onRemoveItems at end">
    </testcase>
    <testcase name="TreeView - HeightMap onRefreshItems at beginning" time="0" classname="onRefreshItems at beginning">
    </testcase>
    <testcase name="TreeView - HeightMap onRefreshItems in middle" time="0" classname="onRefreshItems in middle">
    </testcase>
    <testcase name="TreeView - HeightMap onRefreshItems at end" time="0" classname="onRefreshItems at end">
    </testcase>
    <testcase name="TreeView - HeightMap withItemsInRange" time="0" classname="withItemsInRange">
    </testcase>
  </testsuite>
  <testsuite name="Assert" timestamp="2017-02-22T23:10:11" tests="1" file="C:\Users\adbist\Desktop\SQL_Tools\carbon\test\all.js" failures="0" time="0">
    <testcase name="Assert ok" time="0" classname="ok">
    </testcase>
  </testsuite>
  <testsuite name="Arrays" timestamp="2017-02-22T23:10:11" tests="4" file="C:\Users\adbist\Desktop\SQL_Tools\carbon\test\all.js" failures="0" time="0.001">
    <testcase name="Arrays findFirst" time="0" classname="findFirst">
    </testcase>
    <testcase name="Arrays binarySearch" time="0" classname="binarySearch">
    </testcase>
    <testcase name="Arrays distinct" time="0" classname="distinct">
    </testcase>
    <testcase name="Arrays top" time="0.001" classname="top">
    </testcase>
  </testsuite>
  <testsuite name="Collections" timestamp="2017-02-22T23:10:11" tests="3" file="C:\Users\adbist\Desktop\SQL_Tools\carbon\test\all.js" failures="0" time="0">
    <testcase name="Collections forEach" time="0" classname="forEach">
    </testcase>
    <testcase name="Collections groupBy" time="0" classname="groupBy">
    </testcase>
    <testcase name="Collections remove" time="0" classname="remove">
    </testcase>
  </testsuite>
  <testsuite name="Decorators" timestamp="2017-02-22T23:10:11" tests="4" file="C:\Users\adbist\Desktop\SQL_Tools\carbon\test\all.js" failures="0" time="0.001">
    <testcase name="Decorators memoize should memoize methods" time="0.001" classname="memoize should memoize methods">
    </testcase>
    <testcase name="Decorators memoize should memoize getters" time="0" classname="memoize should memoize getters">
    </testcase>
    <testcase name="Decorators memoized property should not be enumerable" time="0" classname="memoized property should not be enumerable">
    </testcase>
    <testcase name="Decorators memoized property should not be writable" time="0" classname="memoized property should not be writable">
    </testcase>
  </testsuite>
  <testsuite name="Graph" timestamp="2017-02-22T23:10:11" tests="9" file="C:\Users\adbist\Desktop\SQL_Tools\carbon\test\all.js" failures="0" time="0">
    <testcase name="Graph cannot be traversed when empty" time="0" classname="cannot be traversed when empty">
    </testcase>
    <testcase name="Graph is possible to lookup nodes that don&apos;t exist" time="0" classname="is possible to lookup nodes that don&apos;t exist">
    </testcase>
    <testcase name="Graph inserts nodes when not there yet" time="0" classname="inserts nodes when not there yet">
    </testcase>
    <testcase name="Graph can remove nodes and get length" time="0" classname="can remove nodes and get length">
    </testcase>
    <testcase name="Graph traverse from leaf" time="0" classname="traverse from leaf">
    </testcase>
    <testcase name="Graph traverse from center" time="0" classname="traverse from center">
    </testcase>
    <testcase name="Graph traverse a chain" time="0" classname="traverse a chain">
    </testcase>
    <testcase name="Graph root" time="0" classname="root">
    </testcase>
    <testcase name="Graph root complex" time="0" classname="root complex">
    </testcase>
  </testsuite>
  <testsuite name="Hash" timestamp="2017-02-22T23:10:12" tests="5" file="C:\Users\adbist\Desktop\SQL_Tools\carbon\test\all.js" failures="0" time="0.001">
    <testcase name="Hash string" time="0.001" classname="string">
    </testcase>
    <testcase name="Hash number" time="0" classname="number">
    </testcase>
    <testcase name="Hash boolean" time="0" classname="boolean">
    </testcase>
    <testcase name="Hash array" time="0" classname="array">
    </testcase>
    <testcase name="Hash object" time="0" classname="object">
    </testcase>
  </testsuite>
  <testsuite name="keyCodes" timestamp="2017-02-22T23:10:12" tests="1" file="C:\Users\adbist\Desktop\SQL_Tools\carbon\test\all.js" failures="0" time="0">
    <testcase name="keyCodes binary encoding" time="0" classname="binary encoding">
    </testcase>
  </testsuite>
  <testsuite name="Map" timestamp="2017-02-22T23:10:12" tests="8" file="C:\Users\adbist\Desktop\SQL_Tools\carbon\test\all.js" failures="0" time="0.002">
    <testcase name="Map LinkedMap - basics" time="0" classname="LinkedMap - basics">
    </testcase>
    <testcase name="Map BoundedLinkedMap - basics" time="0.001" classname="BoundedLinkedMap - basics">
    </testcase>
    <testcase name="Map BoundedLinkedMap - bounded" time="0" classname="BoundedLinkedMap - bounded">
    </testcase>
    <testcase name="Map BoundedLinkedMap - bounded with ratio" time="0" classname="BoundedLinkedMap - bounded with ratio">
    </testcase>
    <testcase name="Map LRUCache" time="0" classname="LRUCache">
    </testcase>
    <testcase name="Map TrieMap - basics" time="0.001" classname="TrieMap - basics">
    </testcase>
    <testcase name="Map TrieMap - lookup" time="0" classname="TrieMap - lookup">
    </testcase>
    <testcase name="Map TrieMap - superstr" time="0" classname="TrieMap - superstr">
    </testcase>
  </testsuite>
  <testsuite name="Marshalling" timestamp="2017-02-22T23:10:12" tests="3" file="C:\Users\adbist\Desktop\SQL_Tools\carbon\test\all.js" failures="0" time="0.001">
    <testcase name="Marshalling RegExp" time="0" classname="RegExp">
    </testcase>
    <testcase name="Marshalling URI" time="0.001" classname="URI">
    </testcase>
    <testcase name="Marshalling Bug 16793:# in folder name =&gt; mirror models get out of sync" time="0" classname="Bug 16793:# in folder name =&gt; mirror models get out of sync">
    </testcase>
  </testsuite>
  <testsuite name="Objects" timestamp="2017-02-22T23:10:12" tests="6" file="C:\Users\adbist\Desktop\SQL_Tools\carbon\test\all.js" failures="0" time="0.001">
    <testcase name="Objects equals" time="0" classname="equals">
    </testcase>
    <testcase name="Objects mixin - array" time="0" classname="mixin - array">
    </testcase>
    <testcase name="Objects mixin - no overwrite" time="0" classname="mixin - no overwrite">
    </testcase>
    <testcase name="Objects cloneAndChange" time="0.001" classname="cloneAndChange">
    </testcase>
    <testcase name="Objects safeStringify" time="0" classname="safeStringify">
    </testcase>
    <testcase name="Objects derive" time="0" classname="derive">
    </testcase>
  </testsuite>
  <testsuite name="Color" timestamp="2017-02-22T23:10:12" tests="9" file="C:\Users\adbist\Desktop\SQL_Tools\carbon\test\all.js" failures="0" time="0.003">
    <testcase name="Color rgba2hsla" time="0.001" classname="rgba2hsla">
    </testcase>
    <testcase name="Color hsla2rgba" time="0" classname="hsla2rgba">
    </testcase>
    <testcase name="Color hex2rgba" time="0.001" classname="hex2rgba">
    </testcase>
    <testcase name="Color isLighterColor" time="0" classname="isLighterColor">
    </testcase>
    <testcase name="Color getLighterColor" time="0" classname="getLighterColor">
    </testcase>
    <testcase name="Color isDarkerColor" time="0" classname="isDarkerColor">
    </testcase>
    <testcase name="Color getDarkerColor" time="0.001" classname="getDarkerColor">
    </testcase>
    <testcase name="Color luminosity" time="0" classname="luminosity">
    </testcase>
    <testcase name="Color contrast" time="0" classname="contrast">
    </testcase>
  </testsuite>
  <testsuite name="Regex" timestamp="2017-02-22T23:10:12" tests="1" file="C:\Users\adbist\Desktop\SQL_Tools\carbon\test\all.js" failures="0" time="0">
    <testcase name="Regex findAll" time="0" classname="findAll">
    </testcase>
  </testsuite>
  <testsuite name="Strings" timestamp="2017-02-22T23:10:12" tests="17" file="C:\Users\adbist\Desktop\SQL_Tools\carbon\test\all.js" failures="0" time="0.002">
    <testcase name="Strings equalsIgnoreCase" time="0" classname="equalsIgnoreCase">
    </testcase>
    <testcase name="Strings compareIgnoreCase" time="0" classname="compareIgnoreCase">
    </testcase>
    <testcase name="Strings format" time="0.001" classname="format">
    </testcase>
    <testcase name="Strings computeLineStarts" time="0" classname="computeLineStarts">
    </testcase>
    <testcase name="Strings pad" time="0" classname="pad">
    </testcase>
    <testcase name="Strings escape" time="0" classname="escape">
    </testcase>
    <testcase name="Strings startsWith" time="0" classname="startsWith">
    </testcase>
    <testcase name="Strings endsWith" time="0" classname="endsWith">
    </testcase>
    <testcase name="Strings ltrim" time="0" classname="ltrim">
    </testcase>
    <testcase name="Strings rtrim" time="0" classname="rtrim">
    </testcase>
    <testcase name="Strings trim" time="0" classname="trim">
    </testcase>
    <testcase name="Strings trimWhitespace" time="0" classname="trimWhitespace">
    </testcase>
    <testcase name="Strings appendWithLimit" time="0" classname="appendWithLimit">
    </testcase>
    <testcase name="Strings repeat" time="0" classname="repeat">
    </testcase>
    <testcase name="Strings lastNonWhitespaceIndex" time="0.001" classname="lastNonWhitespaceIndex">
    </testcase>
    <testcase name="Strings containsRTL" time="0" classname="containsRTL">
    </testcase>
    <testcase name="Strings isBasicASCII" time="0" classname="isBasicASCII">
    </testcase>
  </testsuite>
  <testsuite name="Filters" timestamp="2017-02-22T23:10:12" tests="8" file="C:\Users\adbist\Desktop\SQL_Tools\carbon\test\all.js" failures="0" time="0.003">
    <testcase name="Filters or" time="0" classname="or">
    </testcase>
    <testcase name="Filters PrefixFilter - case sensitive" time="0" classname="PrefixFilter - case sensitive">
    </testcase>
    <testcase name="Filters PrefixFilter - ignore case" time="0.001" classname="PrefixFilter - ignore case">
    </testcase>
    <testcase name="Filters CamelCaseFilter" time="0.001" classname="CamelCaseFilter">
    </testcase>
    <testcase name="Filters CamelCaseFilter - #19256" time="0" classname="CamelCaseFilter - #19256">
    </testcase>
    <testcase name="Filters matchesContiguousSubString" time="0" classname="matchesContiguousSubString">
    </testcase>
    <testcase name="Filters matchesSubString" time="0" classname="matchesSubString">
    </testcase>
    <testcase name="Filters WordFilter" time="0.001" classname="WordFilter">
    </testcase>
  </testsuite>
  <testsuite name="Paths" timestamp="2017-02-22T23:10:12" tests="12" file="C:\Users\adbist\Desktop\SQL_Tools\carbon\test\all.js" failures="0" time="0.003">
    <testcase name="Paths relative" time="0.001" classname="relative">
    </testcase>
    <testcase name="Paths dirname" time="0" classname="dirname">
    </testcase>
    <testcase name="Paths normalize" time="0.001" classname="normalize">
    </testcase>
    <testcase name="Paths getRootLength" time="0" classname="getRootLength">
    </testcase>
    <testcase name="Paths makeAbsolute" time="0" classname="makeAbsolute">
    </testcase>
    <testcase name="Paths basename" time="0" classname="basename">
    </testcase>
    <testcase name="Paths join" time="0" classname="join">
    </testcase>
    <testcase name="Paths isEqualOrParent" time="0" classname="isEqualOrParent">
    </testcase>
    <testcase name="Paths extname" time="0" classname="extname">
    </testcase>
    <testcase name="Paths isUNC" time="0" classname="isUNC">
    </testcase>
    <testcase name="Paths isValidBasename" time="0.001" classname="isValidBasename">
    </testcase>
    <testcase name="Paths isAbsolute" time="0" classname="isAbsolute">
    </testcase>
  </testsuite>
  <testsuite name="URI" timestamp="2017-02-22T23:10:12" tests="22" file="C:\Users\adbist\Desktop\SQL_Tools\carbon\test\all.js" failures="0" time="0.003">
    <testcase name="URI file#toString" time="0" classname="file#toString">
    </testcase>
    <testcase name="URI file#path" time="0" classname="file#path">
    </testcase>
    <testcase name="URI URI#fsPath - no `fsPath` when no `path`" time="0" classname="URI#fsPath - no `fsPath` when no `path`">
    </testcase>
    <testcase name="URI http#toString" time="0" classname="http#toString">
    </testcase>
    <testcase name="URI http#toString, encode=FALSE" time="0.001" classname="http#toString, encode=FALSE">
    </testcase>
    <testcase name="URI with, identity" time="0" classname="with, identity">
    </testcase>
    <testcase name="URI with, changes" time="0" classname="with, changes">
    </testcase>
    <testcase name="URI with, remove components #8465" time="0" classname="with, remove components #8465">
    </testcase>
    <testcase name="URI with, validation" time="0" classname="with, validation">
    </testcase>
    <testcase name="URI parse" time="0" classname="parse">
    </testcase>
    <testcase name="URI parse, disallow //path when no authority" time="0" classname="parse, disallow //path when no authority">
    </testcase>
    <testcase name="URI URI#file" time="0.001" classname="URI#file">
    </testcase>
    <testcase name="URI URI#file, auto-slash windows drive letter" time="0" classname="URI#file, auto-slash windows drive letter">
    </testcase>
    <testcase name="URI URI#file, always slash" time="0" classname="URI#file, always slash">
    </testcase>
    <testcase name="URI URI.toString, only scheme and query" time="0" classname="URI.toString, only scheme and query">
    </testcase>
    <testcase name="URI URI#toString, upper-case percent espaces" time="0" classname="URI#toString, upper-case percent espaces">
    </testcase>
    <testcase name="URI URI#toString, lower-case windows drive letter" time="0" classname="URI#toString, lower-case windows drive letter">
    </testcase>
    <testcase name="URI URI#toString, escape all the bits" time="0" classname="URI#toString, escape all the bits">
    </testcase>
    <testcase name="URI URI#toString, don&apos;t encode port" time="0" classname="URI#toString, don&apos;t encode port">
    </testcase>
    <testcase name="URI correctFileUriToFilePath2" time="0" classname="correctFileUriToFilePath2">
    </testcase>
    <testcase name="URI URI - http, query &amp; toString" time="0" classname="URI - http, query &amp; toString">
    </testcase>
    <testcase name="URI URI - (de)serialize" time="0.001" classname="URI - (de)serialize">
    </testcase>
  </testsuite>
  <testsuite name="Labels" timestamp="2017-02-22T23:10:12" tests="2" file="C:\Users\adbist\Desktop\SQL_Tools\carbon\test\all.js" failures="0" time="0">
    <testcase name="Labels shorten - windows" time="0" classname="shorten - windows">
    </testcase>
    <testcase name="Labels shorten - not windows" time="0" classname="shorten - not windows">
    </testcase>
  </testsuite>
  <testsuite name="Scorer" timestamp="2017-02-22T23:10:12" tests="3" file="C:\Users\adbist\Desktop\SQL_Tools\carbon\test\all.js" failures="0" time="0.001">
    <testcase name="Scorer score" time="0.001" classname="score">
    </testcase>
    <testcase name="Scorer cache" time="0" classname="cache">
    </testcase>
    <testcase name="Scorer matches" time="0" classname="matches">
    </testcase>
  </testsuite>
  <testsuite name="Comparers" timestamp="2017-02-22T23:10:12" tests="1" file="C:\Users\adbist\Desktop\SQL_Tools\carbon\test\all.js" failures="0" time="0.001">
    <testcase name="Comparers compareFileNames" time="0.001" classname="compareFileNames">
    </testcase>
  </testsuite>
  <testsuite name="UUID" timestamp="2017-02-22T23:10:12" tests="2" file="C:\Users\adbist\Desktop\SQL_Tools\carbon\test\all.js" failures="0" time="0">
    <testcase name="UUID generation" time="0" classname="generation">
    </testcase>
    <testcase name="UUID parse" time="0" classname="parse">
    </testcase>
  </testsuite>
  <testsuite name="Flow" timestamp="2017-02-22T23:10:12" tests="19" file="C:\Users\adbist\Desktop\SQL_Tools\carbon\test\all.js" failures="0" time="0.066">
    <testcase name="Flow loopSync" time="0.001" classname="loopSync">
    </testcase>
    <testcase name="Flow loopByFunctionSync" time="0" classname="loopByFunctionSync">
    </testcase>
    <testcase name="Flow loopByFunctionAsync" time="0" classname="loopByFunctionAsync">
    </testcase>
    <testcase name="Flow loopSyncErrorByThrow" time="0" classname="loopSyncErrorByThrow">
    </testcase>
    <testcase name="Flow loopSyncErrorByCallback" time="0" classname="loopSyncErrorByCallback">
    </testcase>
    <testcase name="Flow loopAsync" time="0.001" classname="loopAsync">
    </testcase>
    <testcase name="Flow loopAsyncErrorByCallback" time="0" classname="loopAsyncErrorByCallback">
    </testcase>
    <testcase name="Flow sequenceSync" time="0.002" classname="sequenceSync">
    </testcase>
    <testcase name="Flow sequenceAsync" time="0" classname="sequenceAsync">
    </testcase>
    <testcase name="Flow sequenceSyncErrorByThrow" time="0" classname="sequenceSyncErrorByThrow">
    </testcase>
    <testcase name="Flow sequenceSyncErrorByCallback" time="0" classname="sequenceSyncErrorByCallback">
    </testcase>
    <testcase name="Flow sequenceAsyncErrorByThrow" time="0" classname="sequenceAsyncErrorByThrow">
    </testcase>
    <testcase name="Flow sequenceAsyncErrorByCallback" time="0" classname="sequenceAsyncErrorByCallback">
    </testcase>
    <testcase name="Flow syncChainedSequenceError" time="0.001" classname="syncChainedSequenceError">
    </testcase>
    <testcase name="Flow tolerateBooleanResults" time="0" classname="tolerateBooleanResults">
    </testcase>
    <testcase name="Flow loopTolerateBooleanResults" time="0" classname="loopTolerateBooleanResults">
    </testcase>
    <testcase name="Flow parallel" time="0" classname="parallel">
    </testcase>
    <testcase name="Flow parallel - setTimeout" time="0.031" classname="parallel - setTimeout">
    </testcase>
    <testcase name="Flow parallel - with error" time="0.03" classname="parallel - with error">
    </testcase>
  </testsuite>
  <testsuite name="Glob" timestamp="2017-02-22T23:10:12" tests="31" file="C:\Users\adbist\Desktop\SQL_Tools\carbon\test\all.js" failures="0" time="0.009000000000000001">
    <testcase name="Glob simple" time="0.002" classname="simple">
    </testcase>
    <testcase name="Glob dot hidden" time="0" classname="dot hidden">
    </testcase>
    <testcase name="Glob file pattern" time="0" classname="file pattern">
    </testcase>
    <testcase name="Glob star" time="0" classname="star">
    </testcase>
    <testcase name="Glob questionmark" time="0" classname="questionmark">
    </testcase>
    <testcase name="Glob globstar" time="0.002" classname="globstar">
    </testcase>
    <testcase name="Glob brace expansion" time="0.001" classname="brace expansion">
    </testcase>
    <testcase name="Glob expression support (single)" time="0" classname="expression support (single)">
    </testcase>
    <testcase name="Glob expression support (multiple)" time="0" classname="expression support (multiple)">
    </testcase>
    <testcase name="Glob brackets" time="0.001" classname="brackets">
    </testcase>
    <testcase name="Glob full path" time="0" classname="full path">
    </testcase>
    <testcase name="Glob prefix agnostic" time="0" classname="prefix agnostic">
    </testcase>
    <testcase name="Glob cached properly" time="0" classname="cached properly">
    </testcase>
    <testcase name="Glob invalid glob" time="0" classname="invalid glob">
    </testcase>
    <testcase name="Glob split glob aware" time="0" classname="split glob aware">
    </testcase>
    <testcase name="Glob expression with disabled glob" time="0" classname="expression with disabled glob">
    </testcase>
    <testcase name="Glob expression with two non-trivia globs" time="0" classname="expression with two non-trivia globs">
    </testcase>
    <testcase name="Glob expression with empty glob" time="0" classname="expression with empty glob">
    </testcase>
    <testcase name="Glob expression with other falsy value" time="0" classname="expression with other falsy value">
    </testcase>
    <testcase name="Glob expression with two basename globs" time="0.001" classname="expression with two basename globs">
    </testcase>
    <testcase name="Glob expression with two basename globs and a siblings expression" time="0" classname="expression with two basename globs and a siblings expression">
    </testcase>
    <testcase name="Glob expression with multipe basename globs" time="0" classname="expression with multipe basename globs">
    </testcase>
    <testcase name="Glob falsy expression/pattern" time="0" classname="falsy expression/pattern">
    </testcase>
    <testcase name="Glob falsy path" time="0" classname="falsy path">
    </testcase>
    <testcase name="Glob expression/pattern basename" time="0" classname="expression/pattern basename">
    </testcase>
    <testcase name="Glob expression/pattern basename terms" time="0" classname="expression/pattern basename terms">
    </testcase>
    <testcase name="Glob expression/pattern optimization for basenames" time="0" classname="expression/pattern optimization for basenames">
    </testcase>
    <testcase name="Glob trailing slash" time="0" classname="trailing slash">
    </testcase>
    <testcase name="Glob expression/pattern path" time="0" classname="expression/pattern path">
    </testcase>
    <testcase name="Glob expression/pattern paths" time="0.001" classname="expression/pattern paths">
    </testcase>
    <testcase name="Glob expression/pattern optimization for paths" time="0.001" classname="expression/pattern optimization for paths">
    </testcase>
  </testsuite>
  <testsuite name="Mime" timestamp="2017-02-22T23:10:12" tests="7" file="C:\Users\adbist\Desktop\SQL_Tools\carbon\test\all.js" failures="0" time="0.004">
    <testcase name="Mime Dynamically Register Text Mime" time="0.002" classname="Dynamically Register Text Mime">
    </testcase>
    <testcase name="Mime Mimes Priority" time="0.001" classname="Mimes Priority">
    </testcase>
    <testcase name="Mime Specificity priority 1" time="0" classname="Specificity priority 1">
    </testcase>
    <testcase name="Mime Specificity priority 2" time="0" classname="Specificity priority 2">
    </testcase>
    <testcase name="Mime Mimes Priority - Longest Extension wins" time="0.001" classname="Mimes Priority - Longest Extension wins">
    </testcase>
    <testcase name="Mime Mimes Priority - User configured wins" time="0" classname="Mimes Priority - User configured wins">
    </testcase>
    <testcase name="Mime Mimes Priority - Pattern matches on path if specified" time="0" classname="Mimes Priority - Pattern matches on path if specified">
    </testcase>
  </testsuite>
  <testsuite name="Ports" timestamp="2017-02-22T23:10:12" tests="1" file="C:\Users\adbist\Desktop\SQL_Tools\carbon\test\all.js" failures="0" time="2.049">
    <testcase name="Ports Finds a free port (no timeout)" time="2.049" classname="Finds a free port (no timeout)">
    </testcase>
  </testsuite>
  <testsuite name="Stream" timestamp="2017-02-22T23:10:14" tests="6" file="C:\Users\adbist\Desktop\SQL_Tools\carbon\test\all.js" failures="0" time="0.011">
    <testcase name="Stream readExactlyByFile - ANSI" time="0.002" classname="readExactlyByFile - ANSI">
    </testcase>
    <testcase name="Stream readExactlyByFile - empty" time="0.002" classname="readExactlyByFile - empty">
    </testcase>
    <testcase name="Stream readExactlyByStream - ANSI" time="0.003" classname="readExactlyByStream - ANSI">
    </testcase>
    <testcase name="Stream readExactlyByStream - empty" time="0.001" classname="readExactlyByStream - empty">
    </testcase>
    <testcase name="Stream readToMatchingString - ANSI" time="0.002" classname="readToMatchingString - ANSI">
    </testcase>
    <testcase name="Stream readToMatchingString - empty" time="0.001" classname="readToMatchingString - empty">
    </testcase>
  </testsuite>
  <testsuite name="Editor Core - Range" timestamp="2017-02-22T23:10:14" tests="8" file="C:\Users\adbist\Desktop\SQL_Tools\carbon\test\all.js" failures="0" time="0">
    <testcase name="Editor Core - Range empty range" time="0" classname="empty range">
    </testcase>
    <testcase name="Editor Core - Range swap start and stop same line" time="0" classname="swap start and stop same line">
    </testcase>
    <testcase name="Editor Core - Range swap start and stop" time="0" classname="swap start and stop">
    </testcase>
    <testcase name="Editor Core - Range no swap same line" time="0" classname="no swap same line">
    </testcase>
    <testcase name="Editor Core - Range no swap" time="0" classname="no swap">
    </testcase>
    <testcase name="Editor Core - Range compareRangesUsingEnds" time="0" classname="compareRangesUsingEnds">
    </testcase>
    <testcase name="Editor Core - Range containsPosition" time="0" classname="containsPosition">
    </testcase>
    <testcase name="Editor Core - Range containsRange" time="0" classname="containsRange">
    </testcase>
  </testsuite>
  <testsuite name="Replace Pattern test" timestamp="2017-02-22T23:10:14" tests="5" file="C:\Users\adbist\Desktop\SQL_Tools\carbon\test\all.js" failures="0" time="0.005">
    <testcase name="Replace Pattern test parse replace string" time="0.003" classname="parse replace string">
    </testcase>
    <testcase name="Replace Pattern test replace has JavaScript semantics" time="0.001" classname="replace has JavaScript semantics">
    </testcase>
    <testcase name="Replace Pattern test get replace string if given text is a complete match" time="0" classname="get replace string if given text is a complete match">
    </testcase>
    <testcase name="Replace Pattern test get replace string if match is sub-string of the text" time="0.001" classname="get replace string if match is sub-string of the text">
    </testcase>
    <testcase name="Replace Pattern test issue #19740 Find and replace capture group/backreference inserts `undefined` instead of empty string" time="0" classname="issue #19740 Find and replace capture group/backreference inserts `undefined` instead of empty string">
    </testcase>
  </testsuite>
  <testsuite name="Indentation Folding" timestamp="2017-02-22T23:10:14" tests="1" file="C:\Users\adbist\Desktop\SQL_Tools\carbon\test\all.js" failures="0" time="0.002">
    <testcase name="Indentation Folding Limit By indent" time="0.002" classname="Limit By indent">
    </testcase>
  </testsuite>
  <testsuite name="StandardAutoClosingPairConditional" timestamp="2017-02-22T23:10:14" tests="10" file="C:\Users\adbist\Desktop\SQL_Tools\carbon\test\all.js" failures="0" time="0">
    <testcase name="StandardAutoClosingPairConditional Missing notIn" time="0" classname="Missing notIn">
    </testcase>
    <testcase name="StandardAutoClosingPairConditional Empty notIn" time="0" classname="Empty notIn">
    </testcase>
    <testcase name="StandardAutoClosingPairConditional Invalid notIn" time="0" classname="Invalid notIn">
    </testcase>
    <testcase name="StandardAutoClosingPairConditional notIn in strings" time="0" classname="notIn in strings">
    </testcase>
    <testcase name="StandardAutoClosingPairConditional notIn in comments" time="0" classname="notIn in comments">
    </testcase>
    <testcase name="StandardAutoClosingPairConditional notIn in regex" time="0" classname="notIn in regex">
    </testcase>
    <testcase name="StandardAutoClosingPairConditional notIn in strings nor comments" time="0" classname="notIn in strings nor comments">
    </testcase>
    <testcase name="StandardAutoClosingPairConditional notIn in strings nor regex" time="0" classname="notIn in strings nor regex">
    </testcase>
    <testcase name="StandardAutoClosingPairConditional notIn in comments nor regex" time="0" classname="notIn in comments nor regex">
    </testcase>
    <testcase name="StandardAutoClosingPairConditional notIn in strings, comments nor regex" time="0" classname="notIn in strings, comments nor regex">
    </testcase>
  </testsuite>
  <testsuite name="SnippetParser" timestamp="2017-02-22T23:10:14" tests="15" file="C:\Users\adbist\Desktop\SQL_Tools\carbon\test\all.js" failures="0" time="0.009000000000000001">
    <testcase name="SnippetParser Scanner" time="0.002" classname="Scanner">
    </testcase>
    <testcase name="SnippetParser Parser, escaping" time="0.002" classname="Parser, escaping">
    </testcase>
    <testcase name="SnippetParser Parser, TM escaping" time="0.002" classname="Parser, TM escaping">
    </testcase>
    <testcase name="SnippetParser Parser, placeholder" time="0" classname="Parser, placeholder">
    </testcase>
    <testcase name="SnippetParser Parser, literal code" time="0" classname="Parser, literal code">
    </testcase>
    <testcase name="SnippetParser Parser, variables/tabstop" time="0.001" classname="Parser, variables/tabstop">
    </testcase>
    <testcase name="SnippetParser Parser, variables/placeholder with defaults" time="0" classname="Parser, variables/placeholder with defaults">
    </testcase>
    <testcase name="SnippetParser Parser, only textmate" time="0.001" classname="Parser, only textmate">
    </testcase>
    <testcase name="SnippetParser Parser, only internal" time="0" classname="Parser, only internal">
    </testcase>
    <testcase name="SnippetParser Parser, real world" time="0" classname="Parser, real world">
    </testcase>
    <testcase name="SnippetParser Parser, real world, mixed" time="0.001" classname="Parser, real world, mixed">
    </testcase>
    <testcase name="SnippetParser Parser, default name/value" time="0" classname="Parser, default name/value">
    </testcase>
    <testcase name="SnippetParser Parser, default placeholder values" time="0" classname="Parser, default placeholder values">
    </testcase>
    <testcase name="SnippetParser backspace esapce in TM only, #16212" time="0" classname="backspace esapce in TM only, #16212">
    </testcase>
    <testcase name="SnippetParser colon as variable/placeholder value, #16717" time="0" classname="colon as variable/placeholder value, #16717">
    </testcase>
  </testsuite>
  <testsuite name="Editor Contrib - Snippets" timestamp="2017-02-22T23:10:14" tests="16" file="C:\Users\adbist\Desktop\SQL_Tools\carbon\test\all.js" failures="0" time="0.007">
    <testcase name="Editor Contrib - Snippets Support tab stop order" time="0.002" classname="Support tab stop order">
    </testcase>
    <testcase name="Editor Contrib - Snippets Support tab stop order with implicit finish" time="0" classname="Support tab stop order with implicit finish">
    </testcase>
    <testcase name="Editor Contrib - Snippets Support tab stop order with no finish" time="0.001" classname="Support tab stop order with no finish">
    </testcase>
    <testcase name="Editor Contrib - Snippets Support tab stop order which does not affect named variable id&apos;s" time="0" classname="Support tab stop order which does not affect named variable id&apos;s">
    </testcase>
    <testcase name="Editor Contrib - Snippets nested placeholder" time="0.001" classname="nested placeholder">
    </testcase>
    <testcase name="Editor Contrib - Snippets bug #17541:[snippets] Support default text in mirrors" time="0" classname="bug #17541:[snippets] Support default text in mirrors">
    </testcase>
    <testcase name="Editor Contrib - Snippets bug #7093: Snippet default value is only populated for first variable reference" time="0.001" classname="bug #7093: Snippet default value is only populated for first variable reference">
    </testcase>
    <testcase name="Editor Contrib - Snippets bug #17487:[snippets] four backslashes are required to get one backslash in the inserted text" time="0" classname="bug #17487:[snippets] four backslashes are required to get one backslash in the inserted text">
    </testcase>
    <testcase name="Editor Contrib - Snippets issue #3552: Snippet Converted Not Working for literal Dollar Sign" time="0" classname="issue #3552: Snippet Converted Not Working for literal Dollar Sign">
    </testcase>
    <testcase name="Editor Contrib - Snippets bind, adjust indentation" time="0.001" classname="bind, adjust indentation">
    </testcase>
    <testcase name="Editor Contrib - Snippets issue #11890: Bad cursor position 1/2" time="0" classname="issue #11890: Bad cursor position 1/2">
    </testcase>
    <testcase name="Editor Contrib - Snippets issue #11890: Bad cursor position 2/2" time="0" classname="issue #11890: Bad cursor position 2/2">
    </testcase>
    <testcase name="Editor Contrib - Snippets issue #17989: Bad selection" time="0" classname="issue #17989: Bad selection">
    </testcase>
    <testcase name="Editor Contrib - Snippets variables, simple" time="0.001" classname="variables, simple">
    </testcase>
    <testcase name="Editor Contrib - Snippets variables, evil resolver" time="0" classname="variables, evil resolver">
    </testcase>
    <testcase name="Editor Contrib - Snippets variables, default" time="0" classname="variables, default">
    </testcase>
  </testsuite>
  <testsuite name="CompletionModel" timestamp="2017-02-22T23:10:14" tests="5" file="C:\Users\adbist\Desktop\SQL_Tools\carbon\test\all.js" failures="0" time="0.006">
    <testcase name="CompletionModel filtering - cached" time="0.001" classname="filtering - cached">
    </testcase>
    <testcase name="CompletionModel complete/incomplete" time="0.001" classname="complete/incomplete">
    </testcase>
    <testcase name="CompletionModel replaceIncomplete" time="0" classname="replaceIncomplete">
    </testcase>
    <testcase name="CompletionModel top score" time="0.003" classname="top score">
    </testcase>
    <testcase name="CompletionModel proper current word when length=0, #16380" time="0.001" classname="proper current word when length=0, #16380">
    </testcase>
  </testsuite>
  <testsuite name="LanguageSelector" timestamp="2017-02-22T23:10:14" tests="4" file="C:\Users\adbist\Desktop\SQL_Tools\carbon\test\all.js" failures="0" time="0">
    <testcase name="LanguageSelector score, invalid selector" time="0" classname="score, invalid selector">
    </testcase>
    <testcase name="LanguageSelector score, any language" time="0" classname="score, any language">
    </testcase>
    <testcase name="LanguageSelector score, filter" time="0" classname="score, filter">
    </testcase>
    <testcase name="LanguageSelector score, max(filters)" time="0" classname="score, max(filters)">
    </testcase>
  </testsuite>
  <testsuite name="OnEnter" timestamp="2017-02-22T23:10:14" tests="3" file="C:\Users\adbist\Desktop\SQL_Tools\carbon\test\all.js" failures="0" time="0.001">
    <testcase name="OnEnter uses indentationRules" time="0.001" classname="uses indentationRules">
    </testcase>
    <testcase name="OnEnter uses brackets" time="0" classname="uses brackets">
    </testcase>
    <testcase name="OnEnter uses regExpRules" time="0" classname="uses regExpRules">
    </testcase>
  </testsuite>
  <testsuite name="richEditBrackets" timestamp="2017-02-22T23:10:14" tests="9" file="C:\Users\adbist\Desktop\SQL_Tools\carbon\test\all.js" failures="0" time="0.001">
    <testcase name="richEditBrackets findPrevBracketInToken one char 1" time="0.001" classname="findPrevBracketInToken one char 1">
    </testcase>
    <testcase name="richEditBrackets findPrevBracketInToken one char 2" time="0" classname="findPrevBracketInToken one char 2">
    </testcase>
    <testcase name="richEditBrackets findPrevBracketInToken one char 3" time="0" classname="findPrevBracketInToken one char 3">
    </testcase>
    <testcase name="richEditBrackets findPrevBracketInToken more chars 1" time="0" classname="findPrevBracketInToken more chars 1">
    </testcase>
    <testcase name="richEditBrackets findPrevBracketInToken more chars 2" time="0" classname="findPrevBracketInToken more chars 2">
    </testcase>
    <testcase name="richEditBrackets findPrevBracketInToken more chars 3" time="0" classname="findPrevBracketInToken more chars 3">
    </testcase>
    <testcase name="richEditBrackets findNextBracketInToken one char" time="0" classname="findNextBracketInToken one char">
    </testcase>
    <testcase name="richEditBrackets findNextBracketInToken more chars" time="0" classname="findNextBracketInToken more chars">
    </testcase>
    <testcase name="richEditBrackets issue #3894: [Handlebars] Curly braces edit issues" time="0" classname="issue #3894: [Handlebars] Curly braces edit issues">
    </testcase>
  </testsuite>
  <testsuite name="Editor ViewLayout - ViewLineParts" timestamp="2017-02-22T23:10:14" tests="22" file="C:\Users\adbist\Desktop\SQL_Tools\carbon\test\all.js" failures="0" time="0.011">
    <testcase name="Editor ViewLayout - ViewLineParts Bug 9827:Overlapping inline decorations can cause wrong inline class to be applied" time="0.001" classname="Bug 9827:Overlapping inline decorations can cause wrong inline class to be applied">
    </testcase>
    <testcase name="Editor ViewLayout - ViewLineParts issue #3462: no whitespace shown at the end of a decorated line" time="0" classname="issue #3462: no whitespace shown at the end of a decorated line">
    </testcase>
    <testcase name="Editor ViewLayout - ViewLineParts issue #3661: Link decoration bleeds to next line when wrapping" time="0" classname="issue #3661: Link decoration bleeds to next line when wrapping">
    </testcase>
    <testcase name="Editor ViewLayout - ViewLineParts issue #18616: Inline decorations ending at the text length are no longer rendered" time="0.001" classname="issue #18616: Inline decorations ending at the text length are no longer rendered">
    </testcase>
    <testcase name="Editor ViewLayout - ViewLineParts issue #19207: Link in Monokai is not rendered correctly" time="0.001" classname="issue #19207: Link in Monokai is not rendered correctly">
    </testcase>
    <testcase name="Editor ViewLayout - ViewLineParts createLineParts simple" time="0" classname="createLineParts simple">
    </testcase>
    <testcase name="Editor ViewLayout - ViewLineParts createLineParts simple two tokens" time="0.007" classname="createLineParts simple two tokens">
    </testcase>
    <testcase name="Editor ViewLayout - ViewLineParts createLineParts render whitespace - 4 leading spaces" time="0.001" classname="createLineParts render whitespace - 4 leading spaces">
    </testcase>
    <testcase name="Editor ViewLayout - ViewLineParts createLineParts render whitespace - 8 leading spaces" time="0" classname="createLineParts render whitespace - 8 leading spaces">
    </testcase>
    <testcase name="Editor ViewLayout - ViewLineParts createLineParts render whitespace - 2 leading tabs" time="0" classname="createLineParts render whitespace - 2 leading tabs">
    </testcase>
    <testcase name="Editor ViewLayout - ViewLineParts createLineParts render whitespace - mixed leading spaces and tabs" time="0" classname="createLineParts render whitespace - mixed leading spaces and tabs">
    </testcase>
    <testcase name="Editor ViewLayout - ViewLineParts createLineParts render whitespace skips faux indent" time="0" classname="createLineParts render whitespace skips faux indent">
    </testcase>
    <testcase name="Editor ViewLayout - ViewLineParts createLineParts does not emit width for monospace fonts" time="0" classname="createLineParts does not emit width for monospace fonts">
    </testcase>
    <testcase name="Editor ViewLayout - ViewLineParts createLineParts render whitespace in middle but not for one space" time="0" classname="createLineParts render whitespace in middle but not for one space">
    </testcase>
    <testcase name="Editor ViewLayout - ViewLineParts createLineParts render whitespace for all in middle" time="0" classname="createLineParts render whitespace for all in middle">
    </testcase>
    <testcase name="Editor ViewLayout - ViewLineParts createLineParts can handle unsorted inline decorations" time="0" classname="createLineParts can handle unsorted inline decorations">
    </testcase>
    <testcase name="Editor ViewLayout - ViewLineParts ViewLineParts" time="0" classname="ViewLineParts">
    </testcase>
    <testcase name="Editor ViewLayout - ViewLineParts getColumnOfLinePartOffset 1 - simple text" time="0" classname="getColumnOfLinePartOffset 1 - simple text">
    </testcase>
    <testcase name="Editor ViewLayout - ViewLineParts getColumnOfLinePartOffset 2 - regular JS" time="0" classname="getColumnOfLinePartOffset 2 - regular JS">
    </testcase>
    <testcase name="Editor ViewLayout - ViewLineParts getColumnOfLinePartOffset 3 - tab with tab size 6" time="0" classname="getColumnOfLinePartOffset 3 - tab with tab size 6">
    </testcase>
    <testcase name="Editor ViewLayout - ViewLineParts getColumnOfLinePartOffset 4 - once indented line, tab size 4" time="0" classname="getColumnOfLinePartOffset 4 - once indented line, tab size 4">
    </testcase>
    <testcase name="Editor ViewLayout - ViewLineParts getColumnOfLinePartOffset 5 - twice indented line, tab size 4" time="0" classname="getColumnOfLinePartOffset 5 - twice indented line, tab size 4">
    </testcase>
  </testsuite>
  <testsuite name="viewLineRenderer.renderLine" timestamp="2017-02-22T23:10:14" tests="14" file="C:\Users\adbist\Desktop\SQL_Tools\carbon\test\all.js" failures="0" time="0.001">
    <testcase name="viewLineRenderer.renderLine replaces spaces" time="0" classname="replaces spaces">
    </testcase>
    <testcase name="viewLineRenderer.renderLine escapes HTML markup" time="0" classname="escapes HTML markup">
    </testcase>
    <testcase name="viewLineRenderer.renderLine replaces some bad characters" time="0" classname="replaces some bad characters">
    </testcase>
    <testcase name="viewLineRenderer.renderLine handles tabs" time="0" classname="handles tabs">
    </testcase>
    <testcase name="viewLineRenderer.renderLine empty line" time="0" classname="empty line">
    </testcase>
    <testcase name="viewLineRenderer.renderLine uses part type" time="0" classname="uses part type">
    </testcase>
    <testcase name="viewLineRenderer.renderLine two parts" time="0" classname="two parts">
    </testcase>
    <testcase name="viewLineRenderer.renderLine overflow" time="0" classname="overflow">
    </testcase>
    <testcase name="viewLineRenderer.renderLine typical line" time="0" classname="typical line">
    </testcase>
    <testcase name="viewLineRenderer.renderLine issue #2255: Weird line rendering part 1" time="0" classname="issue #2255: Weird line rendering part 1">
    </testcase>
    <testcase name="viewLineRenderer.renderLine issue #2255: Weird line rendering part 2" time="0.001" classname="issue #2255: Weird line rendering part 2">
    </testcase>
    <testcase name="viewLineRenderer.renderLine issue Microsoft/monaco-editor#280: Improved source code rendering for RTL languages" time="0" classname="issue Microsoft/monaco-editor#280: Improved source code rendering for RTL languages">
    </testcase>
    <testcase name="viewLineRenderer.renderLine issue #6885: Splits large tokens" time="0" classname="issue #6885: Splits large tokens">
    </testcase>
    <testcase name="viewLineRenderer.renderLine issue #6885: Does not split large tokens in RTL text" time="0" classname="issue #6885: Does not split large tokens in RTL text">
    </testcase>
  </testsuite>
  <testsuite name="CharacterClassifier" timestamp="2017-02-22T23:10:14" tests="1" file="C:\Users\adbist\Desktop\SQL_Tools\carbon\test\all.js" failures="0" time="0.001">
    <testcase name="CharacterClassifier works" time="0.001" classname="works">
    </testcase>
  </testsuite>
  <testsuite name="Editor Modes - Link Computer" timestamp="2017-02-22T23:10:14" tests="2" file="C:\Users\adbist\Desktop\SQL_Tools\carbon\test\all.js" failures="0" time="0.001">
    <testcase name="Editor Modes - Link Computer Null model" time="0" classname="Null model">
    </testcase>
    <testcase name="Editor Modes - Link Computer Parsing" time="0.001" classname="Parsing">
    </testcase>
  </testsuite>
  <testsuite name="Editor ViewModel - PrefixSumComputer" timestamp="2017-02-22T23:10:14" tests="1" file="C:\Users\adbist\Desktop\SQL_Tools\carbon\test\all.js" failures="0" time="0.001">
    <testcase name="Editor ViewModel - PrefixSumComputer PrefixSumComputer" time="0.001" classname="PrefixSumComputer">
    </testcase>
  </testsuite>
  <testsuite name="Editor ViewLayout - WhitespaceComputer" timestamp="2017-02-22T23:10:14" tests="4" file="C:\Users\adbist\Desktop\SQL_Tools\carbon\test\all.js" failures="0" time="0.001">
    <testcase name="Editor ViewLayout - WhitespaceComputer WhitespaceComputer" time="0.001" classname="WhitespaceComputer">
    </testcase>
    <testcase name="Editor ViewLayout - WhitespaceComputer WhitespaceComputer findInsertionIndex" time="0" classname="WhitespaceComputer findInsertionIndex">
    </testcase>
    <testcase name="Editor ViewLayout - WhitespaceComputer WhitespaceComputer changeWhitespaceAfterLineNumber &amp; getFirstWhitespaceIndexAfterLineNumber" time="0" classname="WhitespaceComputer changeWhitespaceAfterLineNumber &amp; getFirstWhitespaceIndexAfterLineNumber">
    </testcase>
    <testcase name="Editor ViewLayout - WhitespaceComputer WhitespaceComputer Bug" time="0" classname="WhitespaceComputer Bug">
    </testcase>
  </testsuite>
  <testsuite name="Editor ViewLayout - VerticalObjects" timestamp="2017-02-22T23:10:14" tests="7" file="C:\Users\adbist\Desktop\SQL_Tools\carbon\test\all.js" failures="0" time="0.002">
    <testcase name="Editor ViewLayout - VerticalObjects VerticalObjects 1" time="0.001" classname="VerticalObjects 1">
    </testcase>
    <testcase name="Editor ViewLayout - VerticalObjects VerticalObjects 2" time="0" classname="VerticalObjects 2">
    </testcase>
    <testcase name="Editor ViewLayout - VerticalObjects VerticalObjects getLineNumberAtOrAfterVerticalOffset" time="0" classname="VerticalObjects getLineNumberAtOrAfterVerticalOffset">
    </testcase>
    <testcase name="Editor ViewLayout - VerticalObjects VerticalObjects getCenteredLineInViewport" time="0.001" classname="VerticalObjects getCenteredLineInViewport">
    </testcase>
    <testcase name="Editor ViewLayout - VerticalObjects VerticalObjects getLinesViewportData 1" time="0" classname="VerticalObjects getLinesViewportData 1">
    </testcase>
    <testcase name="Editor ViewLayout - VerticalObjects VerticalObjects getLinesViewportData 2 &amp; getWhitespaceViewportData" time="0" classname="VerticalObjects getLinesViewportData 2 &amp; getWhitespaceViewportData">
    </testcase>
    <testcase name="Editor ViewLayout - VerticalObjects VerticalObjects getWhitespaceAtVerticalOffset" time="0" classname="VerticalObjects getWhitespaceAtVerticalOffset">
    </testcase>
  </testsuite>
  <testsuite name="Platform / Registry" timestamp="2017-02-22T23:10:14" tests="4" file="C:\Users\adbist\Desktop\SQL_Tools\carbon\test\all.js" failures="0" time="0">
    <testcase name="Platform / Registry registry - api" time="0" classname="registry - api">
    </testcase>
    <testcase name="Platform / Registry registry - mixin" time="0" classname="registry - mixin">
    </testcase>
    <testcase name="Platform / Registry registry - knows, as" time="0" classname="registry - knows, as">
    </testcase>
    <testcase name="Platform / Registry registry - mixin, fails on duplicate ids" time="0" classname="registry - mixin, fails on duplicate ids">
    </testcase>
  </testsuite>
  <testsuite name="Editor Core - Editor State" timestamp="2017-02-22T23:10:14" tests="6" file="C:\Users\adbist\Desktop\SQL_Tools\carbon\test\all.js" failures="0" time="0">
    <testcase name="Editor Core - Editor State empty editor state should be valid" time="0" classname="empty editor state should be valid">
    </testcase>
    <testcase name="Editor Core - Editor State different model URIs should be invalid" time="0" classname="different model URIs should be invalid">
    </testcase>
    <testcase name="Editor Core - Editor State different model versions should be invalid" time="0" classname="different model versions should be invalid">
    </testcase>
    <testcase name="Editor Core - Editor State different positions should be invalid" time="0" classname="different positions should be invalid">
    </testcase>
    <testcase name="Editor Core - Editor State different selections should be invalid" time="0" classname="different selections should be invalid">
    </testcase>
    <testcase name="Editor Core - Editor State different scroll positions should be invalid" time="0" classname="different scroll positions should be invalid">
    </testcase>
  </testsuite>
  <testsuite name="Editor View - OverviewZoneManager" timestamp="2017-02-22T23:10:14" tests="3" file="C:\Users\adbist\Desktop\SQL_Tools\carbon\test\all.js" failures="0" time="0.001">
    <testcase name="Editor View - OverviewZoneManager pixel ratio 1, dom height 600" time="0.001" classname="pixel ratio 1, dom height 600">
    </testcase>
    <testcase name="Editor View - OverviewZoneManager pixel ratio 1, dom height 300" time="0" classname="pixel ratio 1, dom height 300">
    </testcase>
    <testcase name="Editor View - OverviewZoneManager pixel ratio 2, dom height 300" time="0" classname="pixel ratio 2, dom height 300">
    </testcase>
  </testsuite>
  <testsuite name="Editor ViewLayout - EditorLayoutProvider" timestamp="2017-02-22T23:10:14" tests="10" file="C:\Users\adbist\Desktop\SQL_Tools\carbon\test\all.js" failures="0" time="0.001">
    <testcase name="Editor ViewLayout - EditorLayoutProvider EditorLayoutProvider 1" time="0.001" classname="EditorLayoutProvider 1">
    </testcase>
    <testcase name="Editor ViewLayout - EditorLayoutProvider EditorLayoutProvider 1.1" time="0" classname="EditorLayoutProvider 1.1">
    </testcase>
    <testcase name="Editor ViewLayout - EditorLayoutProvider EditorLayoutProvider 2" time="0" classname="EditorLayoutProvider 2">
    </testcase>
    <testcase name="Editor ViewLayout - EditorLayoutProvider EditorLayoutProvider 3" time="0" classname="EditorLayoutProvider 3">
    </testcase>
    <testcase name="Editor ViewLayout - EditorLayoutProvider EditorLayoutProvider 4" time="0" classname="EditorLayoutProvider 4">
    </testcase>
    <testcase name="Editor ViewLayout - EditorLayoutProvider EditorLayoutProvider 5" time="0" classname="EditorLayoutProvider 5">
    </testcase>
    <testcase name="Editor ViewLayout - EditorLayoutProvider EditorLayoutProvider 6" time="0" classname="EditorLayoutProvider 6">
    </testcase>
    <testcase name="Editor ViewLayout - EditorLayoutProvider EditorLayoutProvider 7" time="0" classname="EditorLayoutProvider 7">
    </testcase>
    <testcase name="Editor ViewLayout - EditorLayoutProvider EditorLayoutProvider 8" time="0" classname="EditorLayoutProvider 8">
    </testcase>
    <testcase name="Editor ViewLayout - EditorLayoutProvider EditorLayoutProvider 8 - rounds floats" time="0" classname="EditorLayoutProvider 8 - rounds floats">
    </testcase>
  </testsuite>
  <testsuite name="Editor ViewModel - CharacterHardWrappingLineMapper" timestamp="2017-02-22T23:10:14" tests="3" file="C:\Users\adbist\Desktop\SQL_Tools\carbon\test\all.js" failures="0" time="0.002">
    <testcase name="Editor ViewModel - CharacterHardWrappingLineMapper CharacterHardWrappingLineMapper" time="0.002" classname="CharacterHardWrappingLineMapper">
    </testcase>
    <testcase name="Editor ViewModel - CharacterHardWrappingLineMapper CharacterHardWrappingLineMapper - CJK and Kinsoku Shori" time="0" classname="CharacterHardWrappingLineMapper - CJK and Kinsoku Shori">
    </testcase>
    <testcase name="Editor ViewModel - CharacterHardWrappingLineMapper CharacterHardWrappingLineMapper - WrappingIndent.Same" time="0" classname="CharacterHardWrappingLineMapper - WrappingIndent.Same">
    </testcase>
  </testsuite>
  <testsuite name="Workbench Events" timestamp="2017-02-22T23:10:14" tests="3" file="C:\Users\adbist\Desktop\SQL_Tools\carbon\test\all.js" failures="0" time="0.001">
    <testcase name="Workbench Events Base Event" time="0" classname="Base Event">
    </testcase>
    <testcase name="Workbench Events Property Change Event" time="0" classname="Property Change Event">
    </testcase>
    <testcase name="Workbench Events File Changes Event" time="0.001" classname="File Changes Event">
    </testcase>
  </testsuite>
  <testsuite name="Replace Pattern test" timestamp="2017-02-22T23:10:14" tests="5" file="C:\Users\adbist\Desktop\SQL_Tools\carbon\test\all.js" failures="0" time="0.001">
    <testcase name="Replace Pattern test parse replace string" time="0" classname="parse replace string">
    </testcase>
    <testcase name="Replace Pattern test create pattern by passing regExp" time="0.001" classname="create pattern by passing regExp">
    </testcase>
    <testcase name="Replace Pattern test get replace string if given text is a complete match" time="0" classname="get replace string if given text is a complete match">
    </testcase>
    <testcase name="Replace Pattern test get replace string for no matches" time="0" classname="get replace string for no matches">
    </testcase>
    <testcase name="Replace Pattern test get replace string if match is sub-string of the text" time="0" classname="get replace string if match is sub-string of the text">
    </testcase>
  </testsuite>
  <testsuite name="Debug - Utils" timestamp="2017-02-22T23:10:14" tests="1" file="C:\Users\adbist\Desktop\SQL_Tools\carbon\test\all.js" failures="0" time="0">
    <testcase name="Debug - Utils formatPII" time="0" classname="formatPII">
    </testcase>
  </testsuite>
  <testsuite name="Debug - Source" timestamp="2017-02-22T23:10:14" tests="2" file="C:\Users\adbist\Desktop\SQL_Tools\carbon\test\all.js" failures="0" time="0.001">
    <testcase name="Debug - Source from raw source" time="0.001" classname="from raw source">
    </testcase>
    <testcase name="Debug - Source from raw internal source" time="0" classname="from raw internal source">
    </testcase>
  </testsuite>
  <testsuite name="Debug - Repl History" timestamp="2017-02-22T23:10:14" tests="2" file="C:\Users\adbist\Desktop\SQL_Tools\carbon\test\all.js" failures="0" time="0">
    <testcase name="Debug - Repl History previous and next" time="0" classname="previous and next">
    </testcase>
    <testcase name="Debug - Repl History evaluated and remember" time="0" classname="evaluated and remember">
    </testcase>
  </testsuite>
  <testsuite name="Extension query" timestamp="2017-02-22T23:10:14" tests="4" file="C:\Users\adbist\Desktop\SQL_Tools\carbon\test\all.js" failures="0" time="0">
    <testcase name="Extension query parse" time="0" classname="parse">
    </testcase>
    <testcase name="Extension query toString" time="0" classname="toString">
    </testcase>
    <testcase name="Extension query isValid" time="0" classname="isValid">
    </testcase>
    <testcase name="Extension query equals" time="0" classname="equals">
    </testcase>
  </testsuite>
  <testsuite name="Git - StatusModel" timestamp="2017-02-22T23:10:14" tests="7" file="C:\Users\adbist\Desktop\SQL_Tools\carbon\test\all.js" failures="0" time="0.001">
    <testcase name="Git - StatusModel simple update" time="0.001" classname="simple update">
    </testcase>
    <testcase name="Git - StatusModel simple update same file twice" time="0" classname="simple update same file twice">
    </testcase>
    <testcase name="Git - StatusModel simple update same file twice, first untracked, then ignored" time="0" classname="simple update same file twice, first untracked, then ignored">
    </testcase>
    <testcase name="Git - StatusModel same file, both modified in index, deleted in working tree" time="0" classname="same file, both modified in index, deleted in working tree">
    </testcase>
    <testcase name="Git - StatusModel index and working tree matches" time="0" classname="index and working tree matches">
    </testcase>
    <testcase name="Git - StatusModel work tree changed since index" time="0" classname="work tree changed since index">
    </testcase>
    <testcase name="Git - StatusModel deleted in work tree" time="0" classname="deleted in work tree">
    </testcase>
  </testsuite>
  <testsuite name="Workbench Memento" timestamp="2017-02-22T23:10:14" tests="3" file="C:\Users\adbist\Desktop\SQL_Tools\carbon\test\all.js" failures="0" time="0">
    <testcase name="Workbench Memento Loading and Saving Memento with Scopes" time="0" classname="Loading and Saving Memento with Scopes">
    </testcase>
    <testcase name="Workbench Memento Save and Load" time="0" classname="Save and Load">
    </testcase>
    <testcase name="Workbench Memento Save and Load - 2 Components with same id" time="0" classname="Save and Load - 2 Components with same id">
    </testcase>
  </testsuite>
  <testsuite name="ExtHostTypes" timestamp="2017-02-22T23:10:14" tests="23" file="C:\Users\adbist\Desktop\SQL_Tools\carbon\test\all.js" failures="0" time="0.005">
    <testcase name="ExtHostTypes URI, toJSON" time="0" classname="URI, toJSON">
    </testcase>
    <testcase name="ExtHostTypes Disposable" time="0" classname="Disposable">
    </testcase>
    <testcase name="ExtHostTypes Position" time="0.001" classname="Position">
    </testcase>
    <testcase name="ExtHostTypes Position, toJSON" time="0" classname="Position, toJSON">
    </testcase>
    <testcase name="ExtHostTypes Position, isBefore(OrEqual)?" time="0" classname="Position, isBefore(OrEqual)?">
    </testcase>
    <testcase name="ExtHostTypes Position, isAfter(OrEqual)?" time="0" classname="Position, isAfter(OrEqual)?">
    </testcase>
    <testcase name="ExtHostTypes Position, compareTo" time="0" classname="Position, compareTo">
    </testcase>
    <testcase name="ExtHostTypes Position, translate" time="0" classname="Position, translate">
    </testcase>
    <testcase name="ExtHostTypes Position, with" time="0" classname="Position, with">
    </testcase>
    <testcase name="ExtHostTypes Range" time="0.001" classname="Range">
    </testcase>
    <testcase name="ExtHostTypes Range, toJSON" time="0" classname="Range, toJSON">
    </testcase>
    <testcase name="ExtHostTypes Range, sorting" time="0" classname="Range, sorting">
    </testcase>
    <testcase name="ExtHostTypes Range, isEmpty|isSingleLine" time="0" classname="Range, isEmpty|isSingleLine">
    </testcase>
    <testcase name="ExtHostTypes Range, contains" time="0" classname="Range, contains">
    </testcase>
    <testcase name="ExtHostTypes Range, intersection" time="0.001" classname="Range, intersection">
    </testcase>
    <testcase name="ExtHostTypes Range, union" time="0" classname="Range, union">
    </testcase>
    <testcase name="ExtHostTypes Range, with" time="0" classname="Range, with">
    </testcase>
    <testcase name="ExtHostTypes TextEdit" time="0" classname="TextEdit">
    </testcase>
    <testcase name="ExtHostTypes WorkspaceEdit" time="0.001" classname="WorkspaceEdit">
    </testcase>
    <testcase name="ExtHostTypes DocumentLink" time="0" classname="DocumentLink">
    </testcase>
    <testcase name="ExtHostTypes toJSON &amp; stringify" time="0.001" classname="toJSON &amp; stringify">
    </testcase>
    <testcase name="ExtHostTypes SymbolInformation, old ctor" time="0" classname="SymbolInformation, old ctor">
    </testcase>
    <testcase name="ExtHostTypes SnippetString, builder-methods" time="0" classname="SnippetString, builder-methods">
    </testcase>
  </testsuite>
  <testsuite name="Decoder" timestamp="2017-02-22T23:10:14" tests="1" file="C:\Users\adbist\Desktop\SQL_Tools\carbon\test\all.js" failures="0" time="0.001">
    <testcase name="Decoder decoding" time="0.001" classname="decoding">
    </testcase>
  </testsuite>
  <testsuite name="Encoding" timestamp="2017-02-22T23:10:14" tests="5" file="C:\Users\adbist\Desktop\SQL_Tools\carbon\test\all.js" failures="0" time="0.004">
    <testcase name="Encoding detectBOM UTF-8" time="0.001" classname="detectBOM UTF-8">
    </testcase>
    <testcase name="Encoding detectBOM UTF-16 LE" time="0.001" classname="detectBOM UTF-16 LE">
    </testcase>
    <testcase name="Encoding detectBOM UTF-16 BE" time="0" classname="detectBOM UTF-16 BE">
    </testcase>
    <testcase name="Encoding detectBOM ANSI" time="0.001" classname="detectBOM ANSI">
    </testcase>
    <testcase name="Encoding detectBOM ANSI" time="0.001" classname="detectBOM ANSI">
    </testcase>
  </testsuite>
  <testsuite name="Mime" timestamp="2017-02-22T23:10:14" tests="6" file="C:\Users\adbist\Desktop\SQL_Tools\carbon\test\all.js" failures="0" time="0.005">
    <testcase name="Mime detectMimesFromFile (JSON saved as PNG)" time="0.002" classname="detectMimesFromFile (JSON saved as PNG)">
    </testcase>
    <testcase name="Mime detectMimesFromFile (PNG saved as TXT)" time="0.001" classname="detectMimesFromFile (PNG saved as TXT)">
    </testcase>
    <testcase name="Mime detectMimesFromFile (XML saved as PNG)" time="0.001" classname="detectMimesFromFile (XML saved as PNG)">
    </testcase>
    <testcase name="Mime detectMimesFromFile (QWOFF saved as TXT)" time="0.001" classname="detectMimesFromFile (QWOFF saved as TXT)">
    </testcase>
    <testcase name="Mime detectMimesFromFile (CSS saved as QWOFF)" time="0" classname="detectMimesFromFile (CSS saved as QWOFF)">
    </testcase>
    <testcase name="Mime detectMimesFromFile (PDF)" time="0" classname="detectMimesFromFile (PDF)">
    </testcase>
  </testsuite>
  <testsuite name="Errors" timestamp="2017-02-22T23:10:14" tests="1" file="C:\Users\adbist\Desktop\SQL_Tools\carbon\test\all.js" failures="0" time="0.002">
    <testcase name="Errors Get Error Message" time="0.002" classname="Get Error Message">
    </testcase>
  </testsuite>
  <testsuite name="JSON" timestamp="2017-02-22T23:10:14" tests="18" file="C:\Users\adbist\Desktop\SQL_Tools\carbon\test\all.js" failures="0" time="0.011000000000000003">
    <testcase name="JSON tokens" time="0.001" classname="tokens">
    </testcase>
    <testcase name="JSON comments" time="0" classname="comments">
    </testcase>
    <testcase name="JSON strings" time="0" classname="strings">
    </testcase>
    <testcase name="JSON numbers" time="0.001" classname="numbers">
    </testcase>
    <testcase name="JSON keywords: true, false, null" time="0" classname="keywords: true, false, null">
    </testcase>
    <testcase name="JSON trivia" time="0" classname="trivia">
    </testcase>
    <testcase name="JSON parse: literals" time="0.001" classname="parse: literals">
    </testcase>
    <testcase name="JSON parse: objects" time="0.001" classname="parse: objects">
    </testcase>
    <testcase name="JSON parse: arrays" time="0" classname="parse: arrays">
    </testcase>
    <testcase name="JSON parse: objects with errors" time="0.001" classname="parse: objects with errors">
    </testcase>
    <testcase name="JSON parse: array with errors" time="0" classname="parse: array with errors">
    </testcase>
    <testcase name="JSON parse: disallow commments" time="0" classname="parse: disallow commments">
    </testcase>
    <testcase name="JSON location: properties" time="0.002" classname="location: properties">
    </testcase>
    <testcase name="JSON location: arrays" time="0.001" classname="location: arrays">
    </testcase>
    <testcase name="JSON tree: literals" time="0.001" classname="tree: literals">
    </testcase>
    <testcase name="JSON tree: arrays" time="0" classname="tree: arrays">
    </testcase>
    <testcase name="JSON tree: objects" time="0.001" classname="tree: objects">
    </testcase>
    <testcase name="JSON tree: find location" time="0.001" classname="tree: find location">
    </testcase>
  </testsuite>
  <testsuite name="JSON - formatter" timestamp="2017-02-22T23:10:14" tests="23" file="C:\Users\adbist\Desktop\SQL_Tools\carbon\test\all.js" failures="0" time="0.001">
    <testcase name="JSON - formatter object - single property" time="0" classname="object - single property">
    </testcase>
    <testcase name="JSON - formatter object - multiple properties" time="0" classname="object - multiple properties">
    </testcase>
    <testcase name="JSON - formatter object - no properties " time="0" classname="object - no properties ">
    </testcase>
    <testcase name="JSON - formatter object - nesting" time="0" classname="object - nesting">
    </testcase>
    <testcase name="JSON - formatter array - single items" time="0" classname="array - single items">
    </testcase>
    <testcase name="JSON - formatter array - multiple items" time="0" classname="array - multiple items">
    </testcase>
    <testcase name="JSON - formatter array - no items" time="0" classname="array - no items">
    </testcase>
    <testcase name="JSON - formatter array - nesting" time="0" classname="array - nesting">
    </testcase>
    <testcase name="JSON - formatter syntax errors" time="0" classname="syntax errors">
    </testcase>
    <testcase name="JSON - formatter empty lines" time="0" classname="empty lines">
    </testcase>
    <testcase name="JSON - formatter single line comment" time="0" classname="single line comment">
    </testcase>
    <testcase name="JSON - formatter block line comment" time="0" classname="block line comment">
    </testcase>
    <testcase name="JSON - formatter single line comment on same line" time="0" classname="single line comment on same line">
    </testcase>
    <testcase name="JSON - formatter single line comment on same line 2" time="0" classname="single line comment on same line 2">
    </testcase>
    <testcase name="JSON - formatter block comment on same line" time="0" classname="block comment on same line">
    </testcase>
    <testcase name="JSON - formatter block comment on same line advanced" time="0" classname="block comment on same line advanced">
    </testcase>
    <testcase name="JSON - formatter multiple block comments on same line" time="0" classname="multiple block comments on same line">
    </testcase>
    <testcase name="JSON - formatter multiple mixed comments on same line" time="0.001" classname="multiple mixed comments on same line">
    </testcase>
    <testcase name="JSON - formatter range" time="0" classname="range">
    </testcase>
    <testcase name="JSON - formatter range with existing indent" time="0" classname="range with existing indent">
    </testcase>
    <testcase name="JSON - formatter range with existing indent - tabs" time="0" classname="range with existing indent - tabs">
    </testcase>
    <testcase name="JSON - formatter block comment none-line breaking symbols" time="0" classname="block comment none-line breaking symbols">
    </testcase>
    <testcase name="JSON - formatter line comment after none-line breaking symbols" time="0" classname="line comment after none-line breaking symbols">
    </testcase>
  </testsuite>
  <testsuite name="JSON - edits" timestamp="2017-02-22T23:10:14" tests="3" file="C:\Users\adbist\Desktop\SQL_Tools\carbon\test\all.js" failures="0" time="0.002">
    <testcase name="JSON - edits set property" time="0.001" classname="set property">
    </testcase>
    <testcase name="JSON - edits insert property" time="0.001" classname="insert property">
    </testcase>
    <testcase name="JSON - edits remove property" time="0" classname="remove property">
    </testcase>
  </testsuite>
  <testsuite name="formatOptions" timestamp="2017-02-22T23:10:14" tests="3" file="C:\Users\adbist\Desktop\SQL_Tools\carbon\test\all.js" failures="0" time="0">
    <testcase name="formatOptions Text should display small columns correctly" time="0" classname="Text should display small columns correctly">
    </testcase>
    <testcase name="formatOptions Text should wrap" time="0" classname="Text should wrap">
    </testcase>
    <testcase name="formatOptions Text should revert to the condensed view when the terminal is too narrow" time="0" classname="Text should revert to the condensed view when the terminal is too narrow">
    </testcase>
  </testsuite>
  <testsuite name="getNonWhitespacePrefix" timestamp="2017-02-22T23:10:14" tests="4" file="C:\Users\adbist\Desktop\SQL_Tools\carbon\test\all.js" failures="0" time="0.001">
    <testcase name="getNonWhitespacePrefix empty line" time="0.001" classname="empty line">
    </testcase>
    <testcase name="getNonWhitespacePrefix singleWordLine" time="0" classname="singleWordLine">
    </testcase>
    <testcase name="getNonWhitespacePrefix two word line" time="0" classname="two word line">
    </testcase>
    <testcase name="getNonWhitespacePrefix many separators" time="0" classname="many separators">
    </testcase>
  </testsuite>
  <testsuite name="Keybinding IO" timestamp="2017-02-22T23:10:14" tests="5" file="C:\Users\adbist\Desktop\SQL_Tools\carbon\test\all.js" failures="0" time="0.002">
    <testcase name="Keybinding IO serialize/deserialize" time="0.001" classname="serialize/deserialize">
    </testcase>
    <testcase name="Keybinding IO issue #10452 - invalid command" time="0.001" classname="issue #10452 - invalid command">
    </testcase>
    <testcase name="Keybinding IO issue #10452 - invalid when" time="0" classname="issue #10452 - invalid when">
    </testcase>
    <testcase name="Keybinding IO issue #10452 - invalid key" time="0" classname="issue #10452 - invalid key">
    </testcase>
    <testcase name="Keybinding IO test commands args" time="0" classname="test commands args">
    </testcase>
  </testsuite>
  <testsuite name="Keybinding Service" timestamp="2017-02-22T23:10:14" tests="16" file="C:\Users\adbist\Desktop\SQL_Tools\carbon\test\all.js" failures="0" time="0.005">
    <testcase name="Keybinding Service resolve key" time="0.001" classname="resolve key">
    </testcase>
    <testcase name="Keybinding Service resolve key with arguments" time="0" classname="resolve key with arguments">
    </testcase>
    <testcase name="Keybinding Service KbAndExpression.equals" time="0.001" classname="KbAndExpression.equals">
    </testcase>
    <testcase name="Keybinding Service KeybindingResolver.combine simple 1" time="0" classname="KeybindingResolver.combine simple 1">
    </testcase>
    <testcase name="Keybinding Service KeybindingResolver.combine simple 2" time="0" classname="KeybindingResolver.combine simple 2">
    </testcase>
    <testcase name="Keybinding Service KeybindingResolver.combine removal with not matching when" time="0" classname="KeybindingResolver.combine removal with not matching when">
    </testcase>
    <testcase name="Keybinding Service KeybindingResolver.combine removal with not matching keybinding" time="0" classname="KeybindingResolver.combine removal with not matching keybinding">
    </testcase>
[...]
    </testcase>
    <testcase name="Files - TextFileService Hot Exit &quot;onExit&quot; setting should NOT hot exit (reason: LOAD, windows: multiple, empty workspace)" time="0.001" classname="should NOT hot exit (reason: LOAD, windows: multiple, empty workspace)">
    </testcase>
  </testsuite>
  <testsuite name="&quot;onExitAndWindowClose&quot; setting" timestamp="2017-02-22T23:10:22" tests="16" file="C:\Users\adbist\Desktop\SQL_Tools\carbon\test\all.js" failures="0" time="0.021000000000000005">
    <testcase name="Files - TextFileService Hot Exit &quot;onExitAndWindowClose&quot; setting should hot exit (reason: CLOSE, windows: single, workspace)" time="0.001" classname="should hot exit (reason: CLOSE, windows: single, workspace)">
    </testcase>
    <testcase name="Files - TextFileService Hot Exit &quot;onExitAndWindowClose&quot; setting should hot exit (reason: CLOSE, windows: single, empty workspace)" time="0.002" classname="should hot exit (reason: CLOSE, windows: single, empty workspace)">
    </testcase>
    <testcase name="Files - TextFileService Hot Exit &quot;onExitAndWindowClose&quot; setting should hot exit (reason: CLOSE, windows: multiple, workspace)" time="0.001" classname="should hot exit (reason: CLOSE, windows: multiple, workspace)">
    </testcase>
    <testcase name="Files - TextFileService Hot Exit &quot;onExitAndWindowClose&quot; setting should NOT hot exit (reason: CLOSE, windows: multiple, empty workspace)" time="0.001" classname="should NOT hot exit (reason: CLOSE, windows: multiple, empty workspace)">
    </testcase>
    <testcase name="Files - TextFileService Hot Exit &quot;onExitAndWindowClose&quot; setting should hot exit (reason: QUIT, windows: single, workspace)" time="0.001" classname="should hot exit (reason: QUIT, windows: single, workspace)">
    </testcase>
    <testcase name="Files - TextFileService Hot Exit &quot;onExitAndWindowClose&quot; setting should hot exit (reason: QUIT, windows: single, empty workspace)" time="0.001" classname="should hot exit (reason: QUIT, windows: single, empty workspace)">
    </testcase>
    <testcase name="Files - TextFileService Hot Exit &quot;onExitAndWindowClose&quot; setting should hot exit (reason: QUIT, windows: multiple, workspace)" time="0.001" classname="should hot exit (reason: QUIT, windows: multiple, workspace)">
    </testcase>
    <testcase name="Files - TextFileService Hot Exit &quot;onExitAndWindowClose&quot; setting should hot exit (reason: QUIT, windows: multiple, empty workspace)" time="0.001" classname="should hot exit (reason: QUIT, windows: multiple, empty workspace)">
    </testcase>
    <testcase name="Files - TextFileService Hot Exit &quot;onExitAndWindowClose&quot; setting should hot exit (reason: RELOAD, windows: single, workspace)" time="0.002" classname="should hot exit (reason: RELOAD, windows: single, workspace)">
    </testcase>
    <testcase name="Files - TextFileService Hot Exit &quot;onExitAndWindowClose&quot; setting should hot exit (reason: RELOAD, windows: single, empty workspace)" time="0.001" classname="should hot exit (reason: RELOAD, windows: single, empty workspace)">
    </testcase>
    <testcase name="Files - TextFileService Hot Exit &quot;onExitAndWindowClose&quot; setting should hot exit (reason: RELOAD, windows: multiple, workspace)" time="0.002" classname="should hot exit (reason: RELOAD, windows: multiple, workspace)">
    </testcase>
    <testcase name="Files - TextFileService Hot Exit &quot;onExitAndWindowClose&quot; setting should hot exit (reason: RELOAD, windows: multiple, empty workspace)" time="0.001" classname="should hot exit (reason: RELOAD, windows: multiple, empty workspace)">
    </testcase>
    <testcase name="Files - TextFileService Hot Exit &quot;onExitAndWindowClose&quot; setting should hot exit (reason: LOAD, windows: single, workspace)" time="0.002" classname="should hot exit (reason: LOAD, windows: single, workspace)">
    </testcase>
    <testcase name="Files - TextFileService Hot Exit &quot;onExitAndWindowClose&quot; setting should NOT hot exit (reason: LOAD, windows: single, empty workspace)" time="0.001" classname="should NOT hot exit (reason: LOAD, windows: single, empty workspace)">
    </testcase>
    <testcase name="Files - TextFileService Hot Exit &quot;onExitAndWindowClose&quot; setting should hot exit (reason: LOAD, windows: multiple, workspace)" time="0.002" classname="should hot exit (reason: LOAD, windows: multiple, workspace)">
    </testcase>
    <testcase name="Files - TextFileService Hot Exit &quot;onExitAndWindowClose&quot; setting should NOT hot exit (reason: LOAD, windows: multiple, empty workspace)" time="0.001" classname="should NOT hot exit (reason: LOAD, windows: multiple, empty workspace)">
    </testcase>
  </testsuite>
  <testsuite name="Workbench - TextModelResolverService" timestamp="2017-02-22T23:10:22" tests="3" file="C:\Users\adbist\Desktop\SQL_Tools\carbon\test\all.js" failures="0" time="0.002">
    <testcase name="Workbench - TextModelResolverService resolve resource" time="0.001" classname="resolve resource">
    </testcase>
    <testcase name="Workbench - TextModelResolverService resolve file" time="0.001" classname="resolve file">
    </testcase>
    <testcase name="Workbench - TextModelResolverService resolve untitled" time="0" classname="resolve untitled">
    </testcase>
  </testsuite>
  <testsuite name="Editor Stacks Model" timestamp="2017-02-22T23:10:22" tests="41" file="C:\Users\adbist\Desktop\SQL_Tools\carbon\test\all.js" failures="0" time="0.015000000000000006">
    <testcase name="Editor Stacks Model Groups - Basic" time="0.001" classname="Groups - Basic">
    </testcase>
    <testcase name="Editor Stacks Model Groups - Close Group sends move event for others to the right" time="0.001" classname="Groups - Close Group sends move event for others to the right">
    </testcase>
    <testcase name="Editor Stacks Model Groups - Move Groups" time="0" classname="Groups - Move Groups">
    </testcase>
    <testcase name="Editor Stacks Model Groups - Position of Group" time="0" classname="Groups - Position of Group">
    </testcase>
    <testcase name="Editor Stacks Model Groups - Rename Group" time="0" classname="Groups - Rename Group">
    </testcase>
    <testcase name="Editor Stacks Model Groups - Move Group sends move events for all moved groups" time="0" classname="Groups - Move Group sends move events for all moved groups">
    </testcase>
    <testcase name="Editor Stacks Model Groups - Event Aggregation" time="0.001" classname="Groups - Event Aggregation">
    </testcase>
    <testcase name="Editor Stacks Model Groups - Open group but do not set active" time="0.001" classname="Groups - Open group but do not set active">
    </testcase>
    <testcase name="Editor Stacks Model Groups - Group Identifiers" time="0" classname="Groups - Group Identifiers">
    </testcase>
    <testcase name="Editor Stacks Model Groups - Open Group at Index" time="0" classname="Groups - Open Group at Index">
    </testcase>
    <testcase name="Editor Stacks Model Groups - Close All Groups except active" time="0" classname="Groups - Close All Groups except active">
    </testcase>
    <testcase name="Editor Stacks Model Groups - Close All Groups except inactive" time="0" classname="Groups - Close All Groups except inactive">
    </testcase>
    <testcase name="Editor Stacks Model Stack - One Editor" time="0.001" classname="Stack - One Editor">
    </testcase>
    <testcase name="Editor Stacks Model Stack - Multiple Editors - Pinned and Active" time="0" classname="Stack - Multiple Editors - Pinned and Active">
    </testcase>
    <testcase name="Editor Stacks Model Stack - Multiple Editors - Preview editor moves to the side of the active one" time="0" classname="Stack - Multiple Editors - Preview editor moves to the side of the active one">
    </testcase>
    <testcase name="Editor Stacks Model Stack - Multiple Editors - Pinned and Active (DEFAULT_OPEN_EDITOR_DIRECTION = Direction.LEFT)" time="0" classname="Stack - Multiple Editors - Pinned and Active (DEFAULT_OPEN_EDITOR_DIRECTION = Direction.LEFT)">
    </testcase>
    <testcase name="Editor Stacks Model Stack - Multiple Editors - Pinned and Not Active" time="0" classname="Stack - Multiple Editors - Pinned and Not Active">
    </testcase>
    <testcase name="Editor Stacks Model Stack - Multiple Editors - Preview gets overwritten" time="0" classname="Stack - Multiple Editors - Preview gets overwritten">
    </testcase>
    <testcase name="Editor Stacks Model Stack - Multiple Editors - set active" time="0.001" classname="Stack - Multiple Editors - set active">
    </testcase>
    <testcase name="Editor Stacks Model Stack - Multiple Editors - pin and unpin" time="0" classname="Stack - Multiple Editors - pin and unpin">
    </testcase>
    <testcase name="Editor Stacks Model Stack - Multiple Editors - closing picks next from MRU list" time="0" classname="Stack - Multiple Editors - closing picks next from MRU list">
    </testcase>
    <testcase name="Editor Stacks Model Stack - Multiple Editors - move editor" time="0" classname="Stack - Multiple Editors - move editor">
    </testcase>
    <testcase name="Editor Stacks Model Stack - Multiple Editors - move editor across groups" time="0" classname="Stack - Multiple Editors - move editor across groups">
    </testcase>
    <testcase name="Editor Stacks Model Stack - Multiple Editors - move editor across groups (input already exists in group 1)" time="0" classname="Stack - Multiple Editors - move editor across groups (input already exists in group 1)">
    </testcase>
    <testcase name="Editor Stacks Model Stack - Multiple Editors - Pinned &amp; Non Active" time="0.001" classname="Stack - Multiple Editors - Pinned &amp; Non Active">
    </testcase>
    <testcase name="Editor Stacks Model Stack - Multiple Editors - Close Others, Close Left, Close Right" time="0.001" classname="Stack - Multiple Editors - Close Others, Close Left, Close Right">
    </testcase>
    <testcase name="Editor Stacks Model Stack - Multiple Editors - real user example" time="0" classname="Stack - Multiple Editors - real user example">
    </testcase>
    <testcase name="Editor Stacks Model Stack - Single Group, Single Editor - persist" time="0.001" classname="Stack - Single Group, Single Editor - persist">
    </testcase>
    <testcase name="Editor Stacks Model Stack - Multiple Groups, Multiple editors - persist" time="0.001" classname="Stack - Multiple Groups, Multiple editors - persist">
    </testcase>
    <testcase name="Editor Stacks Model Stack - Single group, multiple editors - persist (some not persistable)" time="0.001" classname="Stack - Single group, multiple editors - persist (some not persistable)">
    </testcase>
    <testcase name="Editor Stacks Model Stack - Multiple groups, multiple editors - persist (some not persistable, causes empty group)" time="0" classname="Stack - Multiple groups, multiple editors - persist (some not persistable, causes empty group)">
    </testcase>
    <testcase name="Editor Stacks Model Stack - Multiple groups, multiple editors - persist (ignore persisted when editors to open on startup)" time="0" classname="Stack - Multiple groups, multiple editors - persist (ignore persisted when editors to open on startup)">
    </testcase>
    <testcase name="Editor Stacks Model Stack - Multiple Editors - Navigation (across groups)" time="0" classname="Stack - Multiple Editors - Navigation (across groups)">
    </testcase>
    <testcase name="Editor Stacks Model Stack - Multiple Editors - Navigation (in group)" time="0" classname="Stack - Multiple Editors - Navigation (in group)">
    </testcase>
    <testcase name="Editor Stacks Model Stack - Multiple Editors - Resources" time="0.001" classname="Stack - Multiple Editors - Resources">
    </testcase>
    <testcase name="Editor Stacks Model Stack - Multiple Editors - Editor Dispose" time="0.001" classname="Stack - Multiple Editors - Editor Dispose">
    </testcase>
    <testcase name="Editor Stacks Model Stack - Multiple Editors - Editor Disposed on Close" time="0.001" classname="Stack - Multiple Editors - Editor Disposed on Close">
    </testcase>
    <testcase name="Editor Stacks Model Stack - Multiple Editors - Editor Disposed on Close (Diff Editor)" time="0" classname="Stack - Multiple Editors - Editor Disposed on Close (Diff Editor)">
    </testcase>
    <testcase name="Editor Stacks Model Stack - Multiple Editors - Editor Emits Dirty and Label Changed" time="0" classname="Stack - Multiple Editors - Editor Emits Dirty and Label Changed">
    </testcase>
    <testcase name="Editor Stacks Model Groups - Model change events (structural vs state)" time="0" classname="Groups - Model change events (structural vs state)">
    </testcase>
    <testcase name="Editor Stacks Model Preview tab does not have a stable position (https://github.com/Microsoft/vscode/issues/8245)" time="0.001" classname="Preview tab does not have a stable position (https://github.com/Microsoft/vscode/issues/8245)">
    </testcase>
  </testsuite>
  <testsuite name="Workbench BaseEditor" timestamp="2017-02-22T23:10:22" tests="8" file="C:\Users\adbist\Desktop\SQL_Tools\carbon\test\all.js" failures="0" time="0.011">
    <testcase name="Workbench BaseEditor BaseEditor API" time="0.001" classname="BaseEditor API">
    </testcase>
    <testcase name="Workbench BaseEditor EditorDescriptor" time="0" classname="EditorDescriptor">
    </testcase>
    <testcase name="Workbench BaseEditor Editor Registration" time="0.001" classname="Editor Registration">
    </testcase>
    <testcase name="Workbench BaseEditor Editor Lookup favors specific class over superclass (match on specific class)" time="0" classname="Editor Lookup favors specific class over superclass (match on specific class)">
    </testcase>
    <testcase name="Workbench BaseEditor Editor Lookup favors specific class over superclass (match on super class)" time="0" classname="Editor Lookup favors specific class over superclass (match on super class)">
    </testcase>
    <testcase name="Workbench BaseEditor Editor Input Action - triggers isEnabled properly" time="0" classname="Editor Input Action - triggers isEnabled properly">
    </testcase>
    <testcase name="Workbench BaseEditor Editor Input Action Contributor" time="0.001" classname="Editor Input Action Contributor">
    </testcase>
    <testcase name="Workbench BaseEditor Editor Input Factory" time="0.008" classname="Editor Input Factory">
    </testcase>
  </testsuite>
  <testsuite name="Workbench UI Services" timestamp="2017-02-22T23:10:22" tests="4" file="C:\Users\adbist\Desktop\SQL_Tools\carbon\test\all.js" failures="0" time="0.011000000000000003">
    <testcase name="Workbench UI Services WorkbenchEditorService" time="0.005" classname="WorkbenchEditorService">
    </testcase>
    <testcase name="Workbench UI Services DelegatingWorkbenchEditorService" time="0.004" classname="DelegatingWorkbenchEditorService">
    </testcase>
    <testcase name="Workbench UI Services ScopedService" time="0.001" classname="ScopedService">
    </testcase>
    <testcase name="Workbench UI Services WorkbenchProgressService" time="0.001" classname="WorkbenchProgressService">
    </testcase>
  </testsuite>
  <testsuite name="Workbench - Editor" timestamp="2017-02-22T23:10:22" tests="1" file="C:\Users\adbist\Desktop\SQL_Tools\carbon\test\all.js" failures="0" time="0.001">
    <testcase name="Workbench - Editor toResource" time="0.001" classname="toResource">
    </testcase>
  </testsuite>
  <testsuite name="Workbench - ResourceEditorInput" timestamp="2017-02-22T23:10:22" tests="1" file="C:\Users\adbist\Desktop\SQL_Tools\carbon\test\all.js" failures="0" time="0.001">
    <testcase name="Workbench - ResourceEditorInput simple" time="0.001" classname="simple">
    </testcase>
  </testsuite>
  <testsuite name="Workbench - StringEditorInput" timestamp="2017-02-22T23:10:22" tests="3" file="C:\Users\adbist\Desktop\SQL_Tools\carbon\test\all.js" failures="0" time="0.001">
    <testcase name="Workbench - StringEditorInput StringEditorInput" time="0.001" classname="StringEditorInput">
    </testcase>
    <testcase name="Workbench - StringEditorInput StringEditorInput - setValue, clearValue, append" time="0" classname="StringEditorInput - setValue, clearValue, append">
    </testcase>
    <testcase name="Workbench - StringEditorInput Input.matches() - StringEditorInput" time="0" classname="Input.matches() - StringEditorInput">
    </testcase>
  </testsuite>
  <testsuite name="Workbench - Untitled Editor" timestamp="2017-02-22T23:10:22" tests="7" file="C:\Users\adbist\Desktop\SQL_Tools\carbon\test\all.js" failures="0" time="0.023">
    <testcase name="Workbench - Untitled Editor Untitled Editor Service" time="0.001" classname="Untitled Editor Service">
    </testcase>
    <testcase name="Workbench - Untitled Editor Untitled with associated resource" time="0" classname="Untitled with associated resource">
    </testcase>
    <testcase name="Workbench - Untitled Editor Untitled no longer dirty when content gets empty" time="0" classname="Untitled no longer dirty when content gets empty">
    </testcase>
    <testcase name="Workbench - Untitled Editor Untitled with associated path remains dirty when content gets empty" time="0.001" classname="Untitled with associated path remains dirty when content gets empty">
    </testcase>
    <testcase name="Workbench - Untitled Editor encoding change event" time="0.001" classname="encoding change event">
    </testcase>
    <testcase name="Workbench - Untitled Editor onDidChangeContent event" time="0.019" classname="onDidChangeContent event">
    </testcase>
    <testcase name="Workbench - Untitled Editor onDidDisposeModel event" time="0.001" classname="onDidDisposeModel event">
    </testcase>
  </testsuite>
  <testsuite name="QuickOpen performance" timestamp="2017-02-22T23:10:22" tests="1" file="C:\Users\adbist\Desktop\SQL_Tools\carbon\test\all.js" failures="0" time="0.313">
    <testcase name="QuickOpen performance Measure" time="0.313" classname="Measure">
    </testcase>
  </testsuite>
  <testsuite name="TextSearch performance" timestamp="2017-02-22T23:10:22" tests="1" file="C:\Users\adbist\Desktop\SQL_Tools\carbon\test\all.js" failures="0" time="0.572">
    <testcase name="TextSearch performance Measure" time="0.572" classname="Measure">
    </testcase>
  </testsuite>
  <testsuite name="MainThreadSaveParticipant" timestamp="2017-02-22T23:10:23" tests="1" file="C:\Users\adbist\Desktop\SQL_Tools\carbon\test\all.js" failures="0" time="0.002">
    <testcase name="MainThreadSaveParticipant insert final new line" time="0.002" classname="insert final new line">
    </testcase>
  </testsuite>
  <testsuite name="Workbench QuickOpen" timestamp="2017-02-22T23:10:23" tests="2" file="C:\Users\adbist\Desktop\SQL_Tools\carbon\test\all.js" failures="0" time="0">
    <testcase name="Workbench QuickOpen QuickOpen Handler and Registry" time="0" classname="QuickOpen Handler and Registry">
    </testcase>
    <testcase name="Workbench QuickOpen QuickOpen Action" time="0" classname="QuickOpen Action">
    </testcase>
  </testsuite>
  <testsuite name="Loader" timestamp="2017-02-22T23:10:23" tests="1" file="C:\Users\adbist\Desktop\SQL_Tools\carbon\test\all.js" failures="0" time="0">
    <testcase name="Loader should not explode while loading" time="0" classname="should not explode while loading">
    </testcase>
  </testsuite>
  <testsuite name="Errors" timestamp="2017-02-22T23:10:23" tests="1" file="C:\Users\adbist\Desktop\SQL_Tools\carbon\test\all.js" failures="0" time="0">
    <testcase name="Errors should not have unexpected errors in tests" time="0" classname="should not have unexpected errors in tests">
    </testcase>
  </testsuite>
</testsuites>